<?xml version="1.0" encoding="UTF-8"?>
<!-- Generated by org.testng.reporters.JUnitReportReporter -->
<testsuite hostname="SAHANAPANDIT-5CG846405S" failures="0" tests="3" name="Annotation.Annotation1" time="0.005" errors="0" timestamp="2022-02-22T10:09:59 IST" skipped="0">
  <testcase classname="Annotation.Annotation1" name="test3" time="0.002"/>
  <system-out/>
  <testcase classname="Annotation.Annotation1" name="test1" time="0.003"/>
  <system-out/>
  <testcase classname="Annotation.Annotation1" name="test2" time="0.000"/>
  <system-out/>
</testsuite> <!-- Annotation.Annotation1 -->
