<?xml version="1.0" encoding="UTF-8"?>
<!-- Generated by org.testng.reporters.JUnitReportReporter -->
<testsuite hostname="SAHANAPANDIT-5CG846405S" failures="0" tests="2" name="SecondTestCase" time="0.010" errors="0" timestamp="2022-04-08T11:20:36 IST" skipped="1">
  <testcase classname="SecondTestCase" name="setup" time="0.010"/>
  <system-out/>
  <testcase classname="SecondTestCase" name="close">
    <skipped/>
  </testcase> <!-- close -->
  <system-out/>
</testsuite> <!-- SecondTestCase -->
